<?xml version="1.0" encoding="UTF-8"?>
<coverage generated="1707831639684" clover="3.2.0">
  <project timestamp="1707831639684" name="All files">
    <metrics statements="3" coveredstatements="3" conditionals="0" coveredconditionals="0" methods="1" coveredmethods="1" elements="4" coveredelements="4" complexity="0" loc="3" ncloc="3" packages="1" files="1" classes="1"/>
    <file name="script.js" path="C:\Users\620046\Desktop\DevOps_Learning\To-Do-List-Practice\javascript\script.js">
      <metrics statements="3" coveredstatements="3" conditionals="0" coveredconditionals="0" methods="1" coveredmethods="1"/>
      <line num="41" count="1" type="stmt"/>
      <line num="42" count="1" type="stmt"/>
      <line num="45" count="1" type="stmt"/>
    </file>
  </project>
</coverage>
