<?xml version="1.0" encoding="UTF-8"?>
<coverage generated="1707939397898" clover="3.2.0">
  <project timestamp="1707939397898" name="All files">
    <metrics statements="18" coveredstatements="5" conditionals="2" coveredconditionals="0" methods="5" coveredmethods="1" elements="25" coveredelements="6" complexity="0" loc="18" ncloc="18" packages="1" files="1" classes="1"/>
    <file name="script.js" path="C:\Users\Dell\OneDrive\Desktop\MTN-WORK-PRACTICE\To-Do-List-Practice\javascript\script.js">
      <metrics statements="18" coveredstatements="5" conditionals="2" coveredconditionals="0" methods="5" coveredmethods="1"/>
      <line num="1" count="1" type="stmt"/>
      <line num="5" count="0" type="stmt"/>
      <line num="6" count="0" type="cond" truecount="0" falsecount="2"/>
      <line num="7" count="0" type="stmt"/>
      <line num="10" count="0" type="stmt"/>
      <line num="21" count="0" type="stmt"/>
      <line num="22" count="0" type="stmt"/>
      <line num="23" count="0" type="stmt"/>
      <line num="24" count="0" type="stmt"/>
      <line num="28" count="0" type="stmt"/>
      <line num="29" count="0" type="stmt"/>
      <line num="30" count="0" type="stmt"/>
      <line num="31" count="0" type="stmt"/>
      <line num="35" count="0" type="stmt"/>
      <line num="41" count="1" type="stmt"/>
      <line num="42" count="1" type="stmt"/>
      <line num="56" count="1" type="stmt"/>
      <line num="59" count="1" type="stmt"/>
    </file>
  </project>
</coverage>
