{"C:\\Users\\620046\\Desktop\\DevOps_Learning\\To-Do-List-Practice\\javascript\\script.js": {"path":"C:\\Users\\620046\\Desktop\\DevOps_Learning\\To-Do-List-Practice\\javascript\\script.js","statementMap":{"0":{"start":{"line":41,"column":21},"end":{"line":41,"column":43}},"1":{"start":{"line":42,"column":4},"end":{"line":42,"column":20}},"2":{"start":{"line":45,"column":0},"end":{"line":45,"column":29}}},"fnMap":{"0":{"name":"greetUser","decl":{"start":{"line":40,"column":9},"end":{"line":40,"column":18}},"loc":{"start":{"line":40,"column":21},"end":{"line":43,"column":1}},"line":40}},"branchMap":{},"s":{"0":1,"1":1,"2":1},"f":{"0":1},"b":{},"_coverageSchema":"1a1c01bbd47fc00a2c39e90264f33305004495a9","hash":"2238cda48bf3032f4db80bc8f62328dcf0ce7726"}
}
