{"C:\\Users\\Dell\\OneDrive\\Desktop\\MTN-WORK-PRACTICE\\To-Do-List-Practice\\javascript\\script.js": {"path":"C:\\Users\\Dell\\OneDrive\\Desktop\\MTN-WORK-PRACTICE\\To-Do-List-Practice\\javascript\\script.js","statementMap":{"0":{"start":{"line":1,"column":0},"end":{"line":38,"column":2}},"1":{"start":{"line":5,"column":4},"end":{"line":37,"column":5}},"2":{"start":{"line":6,"column":8},"end":{"line":36,"column":9}},"3":{"start":{"line":7,"column":12},"end":{"line":7,"column":40}},"4":{"start":{"line":10,"column":12},"end":{"line":19,"column":14}},"5":{"start":{"line":21,"column":32},"end":{"line":21,"column":68}},"6":{"start":{"line":22,"column":12},"end":{"line":26,"column":13}},"7":{"start":{"line":22,"column":22},"end":{"line":22,"column":23}},"8":{"start":{"line":23,"column":16},"end":{"line":25,"column":17}},"9":{"start":{"line":24,"column":20},"end":{"line":24,"column":45}},"10":{"start":{"line":28,"column":24},"end":{"line":28,"column":58}},"11":{"start":{"line":29,"column":12},"end":{"line":33,"column":13}},"12":{"start":{"line":29,"column":22},"end":{"line":29,"column":23}},"13":{"start":{"line":30,"column":16},"end":{"line":32,"column":17}},"14":{"start":{"line":31,"column":20},"end":{"line":31,"column":55}},"15":{"start":{"line":35,"column":12},"end":{"line":35,"column":64}},"16":{"start":{"line":41,"column":21},"end":{"line":41,"column":43}},"17":{"start":{"line":42,"column":4},"end":{"line":42,"column":20}},"18":{"start":{"line":56,"column":0},"end":{"line":56,"column":31}},"19":{"start":{"line":59,"column":0},"end":{"line":59,"column":41}}},"fnMap":{"0":{"name":"(anonymous_0)","decl":{"start":{"line":1,"column":16},"end":{"line":1,"column":17}},"loc":{"start":{"line":1,"column":26},"end":{"line":38,"column":1}},"line":1},"1":{"name":"(anonymous_1)","decl":{"start":{"line":5,"column":46},"end":{"line":5,"column":47}},"loc":{"start":{"line":5,"column":56},"end":{"line":37,"column":5}},"line":5},"2":{"name":"(anonymous_2)","decl":{"start":{"line":23,"column":43},"end":{"line":23,"column":44}},"loc":{"start":{"line":23,"column":53},"end":{"line":25,"column":17}},"line":23},"3":{"name":"(anonymous_3)","decl":{"start":{"line":30,"column":35},"end":{"line":30,"column":36}},"loc":{"start":{"line":30,"column":45},"end":{"line":32,"column":17}},"line":30},"4":{"name":"greetUser","decl":{"start":{"line":40,"column":9},"end":{"line":40,"column":18}},"loc":{"start":{"line":40,"column":21},"end":{"line":43,"column":1}},"line":40}},"branchMap":{"0":{"loc":{"start":{"line":6,"column":8},"end":{"line":36,"column":9}},"type":"if","locations":[{"start":{"line":6,"column":8},"end":{"line":36,"column":9}},{"start":{"line":9,"column":12},"end":{"line":36,"column":9}}],"line":6}},"s":{"0":1,"1":0,"2":0,"3":0,"4":0,"5":0,"6":0,"7":0,"8":0,"9":0,"10":0,"11":0,"12":0,"13":0,"14":0,"15":0,"16":1,"17":1,"18":1,"19":1},"f":{"0":0,"1":0,"2":0,"3":0,"4":1},"b":{"0":[0,0]},"_coverageSchema":"1a1c01bbd47fc00a2c39e90264f33305004495a9","hash":"4505a0a47dfd7c15c285f9f0cfad3ccdfe77d3dc"}
}
